<?xml version="1.0" encoding="UTF-8"?>
<testsuite xmlns:xsi="http://www.w3.org/2001/XMLSchema-instance" xsi:noNamespaceSchemaLocation="https://maven.apache.org/surefire/maven-surefire-plugin/xsd/surefire-test-report.xsd" name="com.ningning0111.CodeTest" time="41.908" tests="3" errors="0" skipped="0" failures="0">
  <properties>
[...]
</properties>
  <testcase name="test1" classname="com.ningning0111.CodeTest" time="14.743"/>
  <testcase name="test2" classname="com.ningning0111.CodeTest" time="11.519"/>
  <testcase name="test3" classname="com.ningning0111.CodeTest" time="15.612"/>
</testsuite>